trace file for the simulation
format of the file
<Event> <Station> <Time> <Customer ID> <Station Status> <Queue Size> <Consumables Level>

	interarrival time = 2.70679
E	0-0	1	X	0	0	200
E	0-1	1	X	0	0	200
E	0-2	1	X	0	0	200
E	1-0	1	X	0	0	200
E	2-0	1	X	0	0	200
E	2-1	1	X	0	0	200
E	2-2	1	X	0	0	200
E	3-0	1	X	0	0	200
E	4-0	1	X	0	0	200
E	4-1	1	X	0	0	200
E	0-0	2	X	0	0	200
E	0-1	2	X	0	0	200
E	0-2	2	X	0	0	200
E	1-0	2	X	0	0	200
E	2-0	2	X	0	0	200
E	2-1	2	X	0	0	200
E	2-2	2	X	0	0	200
E	3-0	2	X	0	0	200
E	4-0	2	X	0	0	200
E	4-1	2	X	0	0	200
	batch size = 4
A	0-2	2.70679	0	0	0	200
S	0-2	2.70679	0	1	0	200
	service time = 0.327647
A	0-0	2.70679	1	0	0	200
S	0-0	2.70679	1	1	0	200
	service time = 0.535532
A	0-2	2.70679	2	1	0	192.62
	Station busy
A	0-2	2.70679	3	1	1	192.62
	Station busy
	interarrival time = 0.360986
E	0-0	3	1	1	0	191.53
E	0-1	3	X	0	0	200
E	0-2	3	0	1	2	192.62
E	1-0	3	X	0	0	200
E	2-0	3	X	0	0	200
E	2-1	3	X	0	0	200
E	2-2	3	X	0	0	200
E	3-0	3	X	0	0	200
E	4-0	3	X	0	0	200
E	4-1	3	X	0	0	200
D	0-2	3.03443	0	0	2	192.62
A	1-0	3.03443	0	0	0	200
S	1-0	3.03443	0	1	0	200
	service time = 0.103604
S	0-2	3.03443	2	1	1	192.62
	service time = 0.253683
	batch size = 5
A	0-0	3.06777	4	1	0	191.53
	Station busy
A	0-1	3.06777	5	0	0	200
S	0-1	3.06777	5	1	0	200
	service time = 0.297711
A	0-1	3.06777	6	1	0	194.72
	Station busy
A	0-1	3.06777	7	1	1	194.72
	Station busy
A	0-1	3.06777	8	1	2	194.72
	Station busy
	interarrival time = 0.25761
D	1-0	3.13804	0	0	0	198
A	2-1	3.13804	0	0	0	200
S	2-1	3.13804	0	1	0	200
	service time = 0.583686
D	0-0	3.24232	1	0	1	191.53
A	1-0	3.24232	1	0	0	198
S	1-0	3.24232	1	1	0	198
	service time = 0.00427071
S	0-0	3.24232	4	1	0	191.53
	service time = 0.399417
D	1-0	3.24659	1	0	0	196
A	2-0	3.24659	1	0	0	200
S	2-0	3.24659	1	1	0	200
	service time = 0.129649
D	0-2	3.28812	2	0	1	185.24
A	1-0	3.28812	2	0	0	196
S	1-0	3.28812	2	1	0	196
	service time = 0.0548967
S	0-2	3.28812	3	1	0	185.24
	service time = 0.120762
	batch size = 5
A	0-0	3.32538	9	1	0	187.9
	Station busy
A	0-2	3.32538	10	1	0	176.63
	Station busy
A	0-0	3.32538	11	1	1	187.9
	Station busy
A	0-2	3.32538	12	1	1	176.63
	Station busy
A	0-0	3.32538	13	1	2	187.9
	Station busy
	interarrival time = 0.103711
D	1-0	3.34301	2	0	0	193
A	2-1	3.34301	2	1	0	195.6
	Station busy
D	0-1	3.36548	5	0	3	194.72
A	1-0	3.36548	5	0	0	193
S	1-0	3.36548	5	1	0	193
	service time = 0.114279
S	0-1	3.36548	6	1	2	194.72
	service time = 0.232739
D	2-0	3.37624	1	0	0	193.7
A	3-0	3.37624	1	0	0	200
S	3-0	3.37624	1	1	0	200
	service time = 0.738964
D	0-2	3.40888	3	0	2	176.63
A	1-0	3.40888	3	1	0	191
	Station busy
S	0-2	3.40888	10	1	1	176.63
	service time = 0.26753
	batch size = 4
A	0-0	3.42909	14	1	3	187.9
	Station busy
A	0-2	3.42909	15	1	1	168.02
	Station busy
A	0-1	3.42909	16	1	2	186.8
	Station busy
A	0-2	3.42909	17	1	2	168.02
	Station busy
	interarrival time = 0.617384
D	1-0	3.47976	5	0	1	191
A	2-1	3.47976	5	1	1	195.6
	Station busy
S	1-0	3.47976	3	1	0	191
	service time = 0.211415
D	0-1	3.59822	6	0	3	186.8
A	1-0	3.59822	6	1	0	189
	Station busy
S	0-1	3.59822	7	1	2	186.8
	service time = 0.0927242
D	0-0	3.64173	4	0	4	187.9
A	1-0	3.64173	4	1	1	189
	Station busy
S	0-0	3.64173	9	1	3	187.9
	service time = 0.213952
D	0-2	3.67641	10	0	3	168.02
A	1-0	3.67641	10	1	2	189
	Station busy
S	0-2	3.67641	12	1	2	168.02
	service time = 0.0235355
D	0-1	3.69095	7	0	2	182.84
A	1-0	3.69095	7	1	3	189
	Station busy
S	0-1	3.69095	8	1	1	182.84
	service time = 0.145958
D	1-0	3.69118	3	0	4	189
A	2-1	3.69118	3	1	2	195.6
	Station busy
S	1-0	3.69118	6	1	3	189
	service time = 0.297787
D	0-2	3.69994	12	0	2	163.1
A	1-0	3.69994	12	1	3	186
	Station busy
S	0-2	3.69994	15	1	1	163.1
	service time = 0.224514
D	2-1	3.72172	0	0	3	195.6
A	3-0	3.72172	0	1	0	199.6
	Station busy
S	2-1	3.72172	2	1	2	195.6
	service time = 0.0537305
D	2-1	3.77545	2	0	2	189
A	3-0	3.77545	2	1	1	199.6
	Station busy
S	2-1	3.77545	5	1	1	189
	service time = 0.143928
D	0-1	3.8369	8	0	1	174.92
A	2-2	3.8369	8	0	0	200
S	2-2	3.8369	8	1	0	200
	service time = 0.0480632
S	0-1	3.8369	16	1	0	174.92
	service time = 0.099016
D	0-0	3.85569	9	0	3	183.06
A	1-0	3.85569	9	1	4	186
	Station busy
S	0-0	3.85569	11	1	2	183.06
	service time = 0.0316028
D	2-2	3.88497	8	0	0	196
A	4-0	3.88497	8	0	0	200
S	4-0	3.88497	8	1	0	200
	service time = 0.222184
D	0-0	3.88729	11	0	2	175.8
A	1-0	3.88729	11	1	5	186
	Station busy
S	0-0	3.88729	13	1	1	175.8
	service time = 0.205063
D	2-1	3.91938	5	0	1	184.6
A	3-0	3.91938	5	1	2	199.6
	Station busy
S	2-1	3.91938	3	1	0	184.6
	service time = 0.0290446
D	0-2	3.92446	15	0	1	156.95
A	1-0	3.92446	15	1	6	186
	Station busy
S	0-2	3.92446	17	1	0	156.95
	service time = 0.41433
D	0-1	3.93592	16	0	0	168.32
A	1-0	3.93592	16	1	7	186
	Station busy
D	2-1	3.94843	3	0	0	178
A	3-0	3.94843	3	1	3	199.6
	Station busy
D	1-0	3.98896	6	0	8	186
A	2-0	3.98896	6	0	0	193.7
S	2-0	3.98896	6	1	0	193.7
	service time = 0.473622
S	1-0	3.98896	4	1	7	186
	service time = 0.405407
E	0-0	4	13	1	1	170.96
E	0-1	4	X	0	0	168.32
E	0-2	4	17	1	0	149.57
E	1-0	4	4	1	7	183
E	2-0	4	6	1	0	189.5
E	2-1	4	X	0	0	178
E	2-2	4	X	0	0	196
E	3-0	4	1	1	4	199.6
E	4-0	4	8	1	0	191.04
E	4-1	4	X	0	0	200
	batch size = 2
A	0-0	4.04648	18	1	1	170.96
	Station busy
A	0-1	4.04648	19	0	0	168.32
S	0-1	4.04648	19	1	0	168.32
	service time = 0.0941767
	interarrival time = 0.476832
D	0-0	4.09235	13	0	2	170.96
A	1-0	4.09235	13	1	7	183
	Station busy
S	0-0	4.09235	14	1	1	170.96
	service time = 0.359017
D	4-0	4.10715	8	0	0	191.04
D	3-0	4.1152	1	0	4	199.6
A	4-0	4.1152	1	0	0	191.04
S	4-0	4.1152	1	1	0	191.04
	service time = 0.519914
S	3-0	4.1152	0	1	3	199.6
	service time = 0.189593
D	0-1	4.14065	19	0	0	163.04
A	1-0	4.14065	19	1	8	183
	Station busy
D	3-0	4.30479	0	0	3	199.6
A	4-0	4.30479	0	1	0	186.56
	Station busy
S	3-0	4.30479	2	1	2	199.6
	service time = 0.0625584
D	0-2	4.33879	17	0	0	149.57
A	1-0	4.33879	17	1	9	183
	Station busy
D	3-0	4.36735	2	0	2	199.6
A	4-0	4.36735	2	1	1	186.56
	Station busy
S	3-0	4.36735	5	1	1	199.6
	service time = 0.425836
D	1-0	4.39437	4	0	10	183
A	2-0	4.39437	4	1	0	189.5
	Station busy
S	1-0	4.39437	10	1	9	183
	service time = 0.125103
D	0-0	4.45137	14	0	1	163.7
A	1-0	4.45137	14	1	9	181
	Station busy
S	0-0	4.45137	18	1	0	163.7
	service time = 0.0391526
D	2-0	4.46259	6	0	1	189.5
S	2-0	4.46259	4	1	0	189.5
	service time = 0.330607
D	0-0	4.49052	18	0	0	155.23
A	1-0	4.49052	18	1	10	181
	Station busy
D	1-0	4.51947	10	0	11	181
A	2-1	4.51947	10	0	0	178
S	2-1	4.51947	10	1	0	178
	service time = 0.0916211
S	1-0	4.51947	7	1	10	181
	service time = 0.224476
	batch size = 6
A	0-1	4.52331	20	0	0	163.04
S	0-1	4.52331	20	1	0	163.04
	service time = 0.00913741
A	0-2	4.52331	21	0	0	149.57
S	0-2	4.52331	21	1	0	149.57
	service time = 0.260901
A	0-2	4.52331	22	1	0	145.88
	Station busy
A	0-1	4.52331	23	1	0	157.76
	Station busy
A	0-1	4.52331	24	1	1	157.76
	Station busy
A	0-1	4.52331	25	1	2	157.76
	Station busy
	interarrival time = 0.22661
D	0-1	4.53244	20	0	3	157.76
A	1-0	4.53244	20	1	10	178
	Station busy
S	0-1	4.53244	23	1	2	157.76
	service time = 0.313779
D	2-1	4.61109	10	0	0	173.6
A	4-1	4.61109	10	0	0	200
S	4-1	4.61109	10	1	0	200
	service time = 1.04664
D	4-0	4.63512	1	0	2	186.56
S	4-0	4.63512	0	1	1	186.56
	service time = 0.05865
D	4-0	4.69377	0	0	1	182.08
S	4-0	4.69377	2	1	0	182.08
	service time = 0.271431
D	1-0	4.74395	7	0	11	178
A	2-1	4.74395	7	0	0	173.6
S	2-1	4.74395	7	1	0	173.6
	service time = 0.0958279
S	1-0	4.74395	12	1	10	178
	service time = 0.0921831
	batch size = 3
A	0-0	4.74992	26	0	0	155.23
S	0-0	4.74992	26	1	0	155.23
	service time = 0.144363
A	0-0	4.74992	27	1	0	147.97
	Station busy
A	0-1	4.74992	28	1	2	152.48
	Station busy
	interarrival time = 0.584548
D	0-2	4.78421	21	0	1	145.88
A	1-0	4.78421	21	1	10	175
	Station busy
S	0-2	4.78421	22	1	0	145.88
	service time = 0.149457
D	3-0	4.79319	5	0	1	199.2
A	4-1	4.79319	5	1	0	193.85
	Station busy
S	3-0	4.79319	3	1	0	199.2
	service time = 0.247509
D	2-0	4.79319	4	0	0	185.3
A	3-0	4.79319	4	1	0	198.4
	Station busy
D	1-0	4.83613	12	0	11	175
A	2-1	4.83613	12	1	0	171.4
	Station busy
S	1-0	4.83613	9	1	10	175
	service time = 0.0711613
D	2-1	4.83978	7	0	1	171.4
A	4-1	4.83978	7	1	1	193.85
	Station busy
S	2-1	4.83978	12	1	0	171.4
	service time = 0.129739
D	0-1	4.84622	23	0	3	152.48
A	2-2	4.84622	23	0	0	196
S	2-2	4.84622	23	1	0	196
	service time = 0.321416
S	0-1	4.84622	24	1	2	152.48
	service time = 0.618638
D	0-0	4.89428	26	0	1	147.97
A	1-0	4.89428	26	1	10	172
	Station busy
S	0-0	4.89428	27	1	0	147.97
	service time = 0.0159887
D	1-0	4.90729	9	0	11	172
A	2-0	4.90729	9	0	0	185.3
S	2-0	4.90729	9	1	0	185.3
	service time = 0.0768336
S	1-0	4.90729	11	1	10	172
	service time = 0.347575
D	0-0	4.91027	27	0	0	143.13
A	1-0	4.91027	27	1	10	169
	Station busy
D	0-2	4.93366	22	0	0	140.96
A	1-0	4.93366	22	1	11	169
	Station busy
D	4-0	4.9652	2	0	0	177.6
D	2-1	4.96952	12	0	0	167
A	3-0	4.96952	12	1	1	198.4
	Station busy
D	2-0	4.98413	9	0	0	181.1
A	4-0	4.98413	9	0	0	177.6
S	4-0	4.98413	9	1	0	177.6
	service time = 0.106648
E	0-0	5	X	0	0	143.13
E	0-1	5	24	1	2	148.52
E	0-2	5	X	0	0	140.96
E	1-0	5	11	1	12	169
E	2-0	5	X	0	0	181.1
E	2-1	5	X	0	0	167
E	2-2	5	23	1	0	192
E	3-0	5	3	1	2	198.4
E	4-0	5	9	1	0	168.64
E	4-1	5	10	1	2	193.85
D	3-0	5.0407	3	0	2	198.4
S	3-0	5.0407	4	1	1	198.4
	service time = 0.0600818
D	4-0	5.09078	9	0	0	168.64
D	3-0	5.10078	4	0	1	198.4
A	4-1	5.10078	4	1	2	193.85
	Station busy
S	3-0	5.10078	12	1	0	198.4
	service time = 0.0768855
D	2-2	5.16764	23	0	0	192
A	3-0	5.16764	23	1	0	197.2
	Station busy
D	3-0	5.17767	12	0	1	197.2
A	4-0	5.17767	12	0	0	168.64
S	4-0	5.17767	12	1	0	168.64
	service time = 0.0605674
S	3-0	5.17767	23	1	0	197.2
	service time = 0.0745616
D	4-0	5.23823	12	0	0	161.92
D	3-0	5.25223	23	0	0	196.8
A	4-0	5.25223	23	0	0	161.92
S	4-0	5.25223	23	1	0	161.92
	service time = 0.127645
D	1-0	5.25487	11	0	12	169
A	2-0	5.25487	11	0	0	181.1
S	2-0	5.25487	11	1	0	181.1
	service time = 0.0303419
S	1-0	5.25487	15	1	11	169
	service time = 0.561101
D	2-0	5.28521	11	0	0	174.8
A	3-0	5.28521	11	0	0	196.8
S	3-0	5.28521	11	1	0	196.8
	service time = 0.0568908
	batch size = 4
A	0-2	5.33446	29	0	0	140.96
S	0-2	5.33446	29	1	0	140.96
	service time = 0.136048
A	0-1	5.33446	30	1	2	148.52
	Station busy
A	0-1	5.33446	31	1	3	148.52
	Station busy
A	0-2	5.33446	32	1	0	137.27
	Station busy
	interarrival time = 0.601026
D	3-0	5.3421	11	0	0	196.8
D	4-0	5.37987	23	0	0	152.96
D	0-1	5.46486	24	0	4	148.52
A	2-2	5.46486	24	0	0	192
S	2-2	5.46486	24	1	0	192
	service time = 0.00376675
S	0-1	5.46486	25	1	3	148.52
	service time = 0.167487
D	2-2	5.46863	24	0	0	186
A	3-0	5.46863	24	0	0	196.8
S	3-0	5.46863	24	1	0	196.8
	service time = 0.049575
D	0-2	5.47051	29	0	1	137.27
A	1-0	5.47051	29	1	11	167
	Station busy
S	0-2	5.47051	32	1	0	137.27
	service time = 0.176922
D	3-0	5.5182	24	0	0	196.8
A	4-0	5.5182	24	0	0	152.96
S	4-0	5.5182	24	1	0	152.96
	service time = 0.473419
D	0-1	5.63235	25	0	3	141.92
A	2-1	5.63235	25	0	0	167
S	2-1	5.63235	25	1	0	167
	service time = 0.124751
S	0-1	5.63235	28	1	2	141.92
	service time = 0.635408
D	0-2	5.64743	32	0	0	131.12
A	1-0	5.64743	32	1	12	167
	Station busy
D	4-1	5.65774	10	0	3	193.85
S	4-1	5.65774	5	1	2	193.85
	service time = 0.0290874
D	4-1	5.68683	5	0	2	189.75
S	4-1	5.68683	7	1	1	189.75
	service time = 0.784515
D	2-1	5.7571	25	0	0	162.6
D	1-0	5.81597	15	0	13	167
A	2-2	5.81597	15	0	0	186
S	2-2	5.81597	15	1	0	186
	service time = 0.374771
S	1-0	5.81597	16	1	12	167
	service time = 0.417228
	batch size = 2
A	0-2	5.93549	33	0	0	131.12
S	0-2	5.93549	33	1	0	131.12
	service time = 0.217642
A	0-1	5.93549	34	1	2	136.64
	Station busy
	interarrival time = 0.0786087
D	4-0	5.99162	24	0	0	146.24
E	0-0	6	X	0	0	143.13
E	0-1	6	28	1	3	136.64
E	0-2	6	33	1	0	124.97
E	1-0	6	16	1	12	165
E	2-0	6	X	0	0	174.8
E	2-1	6	X	0	0	162.6
E	2-2	6	15	1	0	180
E	3-0	6	X	0	0	196.8
E	4-0	6	X	0	0	146.24
E	4-1	6	7	1	1	181.55
	batch size = 6
A	0-2	6.0141	35	1	0	124.97
	Station busy
A	0-0	6.0141	36	0	0	143.13
S	0-0	6.0141	36	1	0	143.13
	service time = 0.0111556
A	0-2	6.0141	37	1	1	124.97
	Station busy
A	0-1	6.0141	38	1	3	136.64
	Station busy
A	0-0	6.0141	39	1	0	137.08
	Station busy
A	0-0	6.0141	40	1	1	137.08
	Station busy
	interarrival time = 0.624143
D	0-0	6.02525	36	0	2	137.08
A	1-0	6.02525	36	1	12	165
	Station busy
S	0-0	6.02525	39	1	1	137.08
	service time = 0.794384
D	0-2	6.15313	33	0	2	124.97
A	1-0	6.15313	33	1	13	165
	Station busy
S	0-2	6.15313	35	1	1	124.97
	service time = 0.136812
D	2-2	6.19074	15	0	0	180
A	3-0	6.19074	15	0	0	196.8
S	3-0	6.19074	15	1	0	196.8
	service time = 0.208781
D	1-0	6.2332	16	0	14	165
A	2-2	6.2332	16	0	0	180
S	2-2	6.2332	16	1	0	180
	service time = 0.0112434
S	1-0	6.2332	13	1	13	165
	service time = 0.106029
D	2-2	6.24444	16	0	0	174
A	3-0	6.24444	16	1	0	195.6
	Station busy
D	0-1	6.26776	28	0	4	136.64
A	1-0	6.26776	28	1	13	162
	Station busy
S	0-1	6.26776	30	1	3	136.64
	service time = 0.0793989
D	0-2	6.28994	35	0	1	121.28
A	1-0	6.28994	35	1	14	162
	Station busy
S	0-2	6.28994	37	1	0	121.28
	service time = 0.260706
D	1-0	6.33923	13	0	15	162
A	2-1	6.33923	13	0	0	162.6
S	2-1	6.33923	13	1	0	162.6
	service time = 0.0717807
S	1-0	6.33923	19	1	14	162
	service time = 0.0277369
D	0-1	6.34716	30	0	3	132.68
A	1-0	6.34716	30	1	14	160
	Station busy
S	0-1	6.34716	31	1	2	132.68
	service time = 0.0215899
D	1-0	6.36696	19	0	15	160
A	2-1	6.36696	19	1	0	156
	Station busy
S	1-0	6.36696	17	1	14	160
	service time = 0.920448
D	0-1	6.36875	31	0	2	127.4
A	1-0	6.36875	31	1	14	158
	Station busy
S	0-1	6.36875	34	1	1	127.4
	service time = 0.215736
D	3-0	6.39952	15	0	1	195.6
A	4-0	6.39952	15	0	0	146.24
S	4-0	6.39952	15	1	0	146.24
	service time = 1.18182
S	3-0	6.39952	16	1	0	195.6
	service time = 0.0611124
D	2-1	6.41101	13	0	1	156
A	3-0	6.41101	13	1	0	195.6
	Station busy
S	2-1	6.41101	19	1	0	156
	service time = 0.147536
D	3-0	6.46063	16	0	1	195.6
A	4-0	6.46063	16	1	0	141.76
	Station busy
S	3-0	6.46063	13	1	0	195.6
	service time = 0.135038
D	4-1	6.47134	7	0	1	181.55
S	4-1	6.47134	4	1	0	181.55
	service time = 0.0987667
D	0-2	6.55065	37	0	0	116.36
A	2-1	6.55065	37	1	0	151.6
	Station busy
D	2-1	6.55854	19	0	1	151.6
A	3-0	6.55854	19	1	0	195.2
	Station busy
S	2-1	6.55854	37	1	0	151.6
	service time = 0.348681
D	4-1	6.57011	4	0	0	173.35
D	0-1	6.58448	34	0	1	120.8
A	1-0	6.58448	34	1	15	158
	Station busy
S	0-1	6.58448	38	1	0	120.8
	service time = 1.34664
D	3-0	6.59567	13	0	1	195.2
A	4-0	6.59567	13	1	1	141.76
	Station busy
S	3-0	6.59567	19	1	0	195.2
	service time = 0.272269
	batch size = 4
A	0-2	6.63824	41	0	0	116.36
S	0-2	6.63824	41	1	0	116.36
	service time = 0.145986
A	0-0	6.63824	42	1	1	133.45
	Station busy
A	0-2	6.63824	43	1	0	112.67
	Station busy
A	0-2	6.63824	44	1	1	112.67
	Station busy
	interarrival time = 0.299581
D	0-2	6.78423	41	0	2	112.67
A	1-0	6.78423	41	1	16	158
	Station busy
S	0-2	6.78423	43	1	1	112.67
	service time = 0.373137
D	0-0	6.81964	39	0	2	133.45
A	1-0	6.81964	39	1	17	158
	Station busy
S	0-0	6.81964	40	1	1	133.45
	service time = 0.0140927
D	0-0	6.83373	40	0	1	129.82
A	1-0	6.83373	40	1	18	158
	Station busy
S	0-0	6.83373	42	1	0	129.82
	service time = 0.310139
D	3-0	6.86794	19	0	0	194.8
A	4-0	6.86794	19	1	2	141.76
	Station busy
D	2-1	6.90722	37	0	0	147.2
A	3-0	6.90722	37	0	0	194.8
S	3-0	6.90722	37	1	0	194.8
	service time = 0.143305
	batch size = 6
A	0-1	6.93782	45	1	0	115.52
	Station busy
A	0-2	6.93782	46	1	1	106.52
	Station busy
A	0-2	6.93782	47	1	2	106.52
	Station busy
A	0-0	6.93782	48	1	0	126.19
	Station busy
A	0-2	6.93782	49	1	3	106.52
	Station busy
A	0-0	6.93782	50	1	1	126.19
	Station busy
	interarrival time = 0.406431
E	0-0	7	42	1	2	126.19
E	0-1	7	38	1	1	115.52
E	0-2	7	43	1	4	106.52
E	1-0	7	17	1	19	158
E	2-0	7	X	0	0	174.8
E	2-1	7	X	0	0	147.2
E	2-2	7	X	0	0	174
E	3-0	7	37	1	0	194.8
E	4-0	7	15	1	3	141.76
E	4-1	7	X	0	0	173.35
D	3-0	7.05053	37	0	0	194.8
A	4-0	7.05053	37	1	3	141.76
	Station busy
D	0-0	7.14387	42	0	2	126.19
A	1-0	7.14387	42	1	19	158
	Station busy
S	0-0	7.14387	48	1	1	126.19
	service time = 0.44717
D	0-2	7.15736	43	0	4	106.52
A	1-0	7.15736	43	1	20	158
	Station busy
S	0-2	7.15736	44	1	3	106.52
	service time = 0.0317327
D	0-2	7.1891	44	0	3	97.91
A	1-0	7.1891	44	1	21	158
	Station busy
S	0-2	7.1891	46	1	2	97.91
	service time = 0.445669
D	1-0	7.28741	17	0	22	158
A	2-1	7.28741	17	0	0	147.2
S	2-1	7.28741	17	1	0	147.2
	service time = 0.167353
S	1-0	7.28741	14	1	21	158
	service time = 0.0345376
D	1-0	7.32195	14	0	21	155
A	2-1	7.32195	14	1	0	140.6
	Station busy
S	1-0	7.32195	18	1	20	155
	service time = 0.110002
	batch size = 1
A	0-1	7.34425	51	1	1	115.52
	Station busy
	interarrival time = 0.258709
D	1-0	7.43195	18	0	20	152
A	2-1	7.43195	18	1	1	140.6
	Station busy
S	1-0	7.43195	20	1	19	152
	service time = 0.169553
D	2-1	7.45477	17	0	2	140.6
A	4-1	7.45477	17	0	0	173.35
S	4-1	7.45477	17	1	0	173.35
	service time = 0.752367
S	2-1	7.45477	14	1	1	140.6
	service time = 0.159332
D	4-0	7.58135	15	0	4	141.76
S	4-0	7.58135	16	1	3	141.76
	service time = 0.0255217
D	0-0	7.59104	48	0	1	117.72
A	1-0	7.59104	48	1	19	149
	Station busy
S	0-0	7.59104	50	1	0	117.72
	service time = 0.315848
D	1-0	7.60151	20	0	20	149
A	2-0	7.60151	20	0	0	174.8
S	2-0	7.60151	20	1	0	174.8
	service time = 0.219783
S	1-0	7.60151	21	1	19	149
	service time = 0.0127402
	batch size = 3
A	0-0	7.60296	52	1	0	109.25
	Station busy
A	0-0	7.60296	53	1	1	109.25
	Station busy
A	0-1	7.60296	54	1	2	115.52
	Station busy
	interarrival time = 0.00165072
	batch size = 5
A	0-2	7.60461	55	1	2	90.53
	Station busy
A	0-1	7.60461	56	1	3	115.52
	Station busy
A	0-0	7.60461	57	1	2	109.25
	Station busy
A	0-0	7.60461	58	1	3	109.25
	Station busy
A	0-2	7.60461	59	1	3	90.53
	Station busy
	interarrival time = 0.353813
D	4-0	7.60687	16	0	3	137.28
S	4-0	7.60687	13	1	2	137.28
	service time = 0.768667
D	2-1	7.6141	14	0	1	136.2
A	3-0	7.6141	14	0	0	194.8
S	3-0	7.6141	14	1	0	194.8
	service time = 0.106847
S	2-1	7.6141	18	1	0	136.2
	service time = 0.0237368
D	1-0	7.61425	21	0	19	147
A	2-1	7.61425	21	1	0	131.8
	Station busy
S	1-0	7.61425	26	1	18	147
	service time = 0.241765
D	0-2	7.63477	46	0	4	90.53
A	1-0	7.63477	46	1	18	144
	Station busy
S	0-2	7.63477	47	1	3	90.53
	service time = 0.0321488
D	2-1	7.63783	18	0	1	131.8
A	3-0	7.63783	18	1	0	194
	Station busy
S	2-1	7.63783	21	1	0	131.8
	service time = 0.120984
D	0-2	7.66692	47	0	3	84.38
A	1-0	7.66692	47	1	19	144
	Station busy
S	0-2	7.66692	49	1	2	84.38
	service time = 0.084257
D	3-0	7.72094	14	0	1	194
A	4-1	7.72094	14	1	0	167.2
	Station busy
S	3-0	7.72094	18	1	0	194
	service time = 0.714139
D	0-2	7.75117	49	0	2	77
A	1-0	7.75117	49	1	20	144
	Station busy
S	0-2	7.75117	55	1	1	77
	service time = 0.561822
D	2-1	7.75882	21	0	0	125.2
A	3-0	7.75882	21	1	0	193.2
	Station busy
D	2-0	7.82129	20	0	0	170.6
A	4-1	7.82129	20	1	1	167.2
	Station busy
D	1-0	7.85601	26	0	21	144
A	2-2	7.85601	26	0	0	174
S	2-2	7.85601	26	1	0	174
	service time = 0.641589
S	1-0	7.85601	27	1	20	144
	service time = 0.129534
D	0-0	7.90689	50	0	4	109.25
A	1-0	7.90689	50	1	20	142
	Station busy
S	0-0	7.90689	52	1	3	109.25
	service time = 0.0101921
D	0-0	7.91708	52	0	3	101.99
A	2-1	7.91708	52	0	0	125.2
S	2-1	7.91708	52	1	0	125.2
	service time = 0.0733923
S	0-0	7.91708	53	1	2	101.99
	service time = 0.250359
D	0-1	7.93112	38	0	4	115.52
A	2-0	7.93112	38	0	0	170.6
S	2-0	7.93112	38	1	0	170.6
	service time = 0.0410605
S	0-1	7.93112	45	1	3	115.52
	service time = 0.00981098
D	0-1	7.94093	45	0	3	108.92
A	1-0	7.94093	45	1	21	142
	Station busy
S	0-1	7.94093	51	1	2	108.92
	service time = 0.0206766
	batch size = 3
A	0-1	7.95843	60	1	2	104.96
	Station busy
A	0-0	7.95843	61	1	2	97.15
	Station busy
A	0-1	7.95843	62	1	3	104.96
	Station busy
	interarrival time = 0.241548
D	0-1	7.9616	51	0	4	104.96
A	2-0	7.9616	51	1	0	166.4
	Station busy
S	0-1	7.9616	54	1	3	104.96
	service time = 0.134776
D	2-0	7.97218	38	0	1	166.4
A	3-0	7.97218	38	1	1	193.2
	Station busy
S	2-0	7.97218	51	1	0	166.4
	service time = 0.423335
D	1-0	7.98554	27	0	22	142
A	2-1	7.98554	27	1	0	120.8
	Station busy
S	1-0	7.98554	22	1	21	142
	service time = 0.243861
D	2-1	7.99047	52	0	1	120.8
A	4-1	7.99047	52	1	2	167.2
	Station busy
S	2-1	7.99047	27	1	0	120.8
	service time = 0.675128
E	0-0	8	53	1	3	97.15
E	0-1	8	54	1	3	98.36
E	0-2	8	55	1	1	70.85
E	1-0	8	22	1	21	140
E	2-0	8	51	1	0	162.2
E	2-1	8	27	1	0	114.2
E	2-2	8	26	1	0	170
E	3-0	8	18	1	2	193.2
E	4-0	8	13	1	2	130.56
E	4-1	8	17	1	3	167.2
D	0-1	8.09638	54	0	3	98.36
A	1-0	8.09638	54	1	21	140
	Station busy
S	0-1	8.09638	56	1	2	98.36
	service time = 0.184578
D	0-0	8.16744	53	0	3	97.15
A	1-0	8.16744	53	1	22	140
	Station busy
S	0-0	8.16744	57	1	2	97.15
	service time = 1.40035
	batch size = 3
A	0-2	8.19998	63	1	1	70.85
	Station busy
A	0-0	8.19998	64	1	2	88.68
	Station busy
A	0-1	8.19998	65	1	2	94.4
	Station busy
	interarrival time = 0.38743
D	4-1	8.20713	17	0	3	167.2
S	4-1	8.20713	14	1	2	167.2
	service time = 0.13154
D	1-0	8.2294	22	0	23	140
A	2-0	8.2294	22	1	0	162.2
	Station busy
S	1-0	8.2294	29	1	22	140
	service time = 0.253957
D	0-1	8.28096	56	0	3	94.4
A	1-0	8.28096	56	1	22	137
	Station busy
S	0-1	8.28096	60	1	2	94.4
	service time = 0.176164
D	0-2	8.31299	55	0	2	70.85
A	1-0	8.31299	55	1	23	137
	Station busy
S	0-2	8.31299	59	1	1	70.85
	service time = 0.120144
D	4-1	8.33867	14	0	2	159
S	4-1	8.33867	20	1	1	159
	service time = 0.164877
D	4-0	8.37553	13	0	2	130.56
S	4-0	8.37553	19	1	1	130.56
	service time = 0.0983141
D	2-0	8.39551	51	0	1	162.2
A	3-0	8.39551	51	1	2	193.2
	Station busy
S	2-0	8.39551	22	1	0	162.2
	service time = 0.0840219
D	0-2	8.43314	59	0	1	65.93
A	1-0	8.43314	59	1	24	137
	Station busy
S	0-2	8.43314	63	1	0	65.93
	service time = 0.268645
D	3-0	8.43508	18	0	3	193.2
S	3-0	8.43508	21	1	2	193.2
	service time = 0.372324
D	0-1	8.45712	60	0	2	87.8
A	1-0	8.45712	60	1	25	137
	Station busy
S	0-1	8.45712	62	1	1	87.8
	service time = 0.183543
D	4-0	8.47385	19	0	1	126.08
S	4-0	8.47385	37	1	0	126.08
	service time = 0.661748
D	2-0	8.47953	22	0	0	158
A	3-0	8.47953	22	1	2	192.8
	Station busy
D	1-0	8.48336	29	0	26	137
A	2-2	8.48336	29	1	0	170
	Station busy
S	1-0	8.48336	32	1	25	137
	service time = 0.0196263
D	2-2	8.4976	26	0	1	170
A	3-0	8.4976	26	1	3	192.8
	Station busy
S	2-2	8.4976	29	1	0	170
	service time = 0.234526
D	1-0	8.50299	32	0	25	134
A	2-0	8.50299	32	0	0	158
S	2-0	8.50299	32	1	0	158
	service time = 0.0743663
S	1-0	8.50299	36	1	24	134
	service time = 0.0526545
D	4-1	8.50355	20	0	1	154.9
S	4-1	8.50355	52	1	0	154.9
	service time = 0.26869
D	1-0	8.55564	36	0	24	131
A	2-1	8.55564	36	1	0	114.2
	Station busy
S	1-0	8.55564	33	1	23	131
	service time = 0.0463032
D	2-0	8.57735	32	0	0	153.8
A	3-0	8.57735	32	1	4	192.8
	Station busy
	batch size = 3
A	0-2	8.58741	66	1	0	62.24
	Station busy
A	0-2	8.58741	67	1	1	62.24
	Station busy
A	0-2	8.58741	68	1	2	62.24
	Station busy
	interarrival time = 0.147993
D	1-0	8.60195	33	0	23	128
A	2-0	8.60195	33	0	0	153.8
S	2-0	8.60195	33	1	0	153.8
	service time = 0.0888735
S	1-0	8.60195	28	1	22	128
	service time = 0.0844066
D	0-1	8.64067	62	0	1	83.84
A	1-0	8.64067	62	1	22	126
	Station busy
S	0-1	8.64067	65	1	0	83.84
	service time = 0.23437
D	2-1	8.6656	27	0	1	114.2
A	3-0	8.6656	27	1	5	192.8
	Station busy
S	2-1	8.6656	36	1	0	114.2
	service time = 0.112897
D	1-0	8.68635	28	0	23	126
A	2-0	8.68635	28	1	0	149.6
	Station busy
S	1-0	8.68635	35	1	22	126
	service time = 0.0961303
D	2-0	8.69082	33	0	1	149.6
A	4-0	8.69082	33	1	0	119.36
	Station busy
S	2-0	8.69082	28	1	0	149.6
	service time = 0.512456
D	0-2	8.70178	63	0	3	62.24
A	1-0	8.70178	63	1	22	123
	Station busy
S	0-2	8.70178	66	1	2	62.24
	service time = 0.461637
D	2-2	8.73212	29	0	0	164
A	4-0	8.73212	29	1	1	119.36
	Station busy
	batch size = 3
A	0-0	8.7354	69	1	3	88.68
	Station busy
A	0-0	8.7354	70	1	4	88.68
	Station busy
A	0-2	8.7354	71	1	2	58.55
	Station busy
	interarrival time = 0.004214
	batch size = 5
A	0-0	8.73961	72	1	5	88.68
	Station busy
A	0-1	8.73961	73	1	0	75.92
	Station busy
A	0-0	8.73961	74	1	6	88.68
	Station busy
A	0-0	8.73961	75	1	7	88.68
	Station busy
A	0-1	8.73961	76	1	1	75.92
	Station busy
	interarrival time = 0.569881
D	4-1	8.77224	52	0	0	146.7
D	2-1	8.7785	36	0	0	109.8
A	3-0	8.7785	36	1	6	192.8
	Station busy
D	1-0	8.78248	35	0	23	123
A	2-1	8.78248	35	0	0	109.8
S	2-1	8.78248	35	1	0	109.8
	service time = 0.0620396
S	1-0	8.78248	30	1	22	123
	service time = 0.0169911
D	1-0	8.79947	30	0	22	121
A	2-1	8.79947	30	1	0	105.4
	Station busy
S	1-0	8.79947	31	1	21	121
	service time = 0.451962
D	3-0	8.80741	21	0	7	192.8
A	4-0	8.80741	21	1	2	119.36
	Station busy
S	3-0	8.80741	38	1	6	192.8
	service time = 0.58071
D	2-1	8.84452	35	0	1	105.4
A	3-0	8.84452	35	1	6	192.4
	Station busy
S	2-1	8.84452	30	1	0	105.4
	service time = 0.205427
D	0-1	8.87504	65	0	2	75.92
A	1-0	8.87504	65	1	21	119
	Station busy
S	0-1	8.87504	73	1	1	75.92
	service time = 0.141942
E	0-0	9	57	1	8	88.68
E	0-1	9	73	1	1	69.32
E	0-2	9	66	1	3	58.55
E	1-0	9	31	1	22	119
E	2-0	9	28	1	0	145.4
E	2-1	9	30	1	0	98.8
E	2-2	9	X	0	0	164
E	3-0	9	38	1	7	192.4
E	4-0	9	37	1	3	119.36
E	4-1	9	X	0	0	146.7
D	0-1	9.01698	73	0	1	69.32
A	1-0	9.01698	73	1	22	119
	Station busy
S	0-1	9.01698	76	1	0	69.32
	service time = 0.865209
D	2-1	9.04995	30	0	0	98.8
A	4-0	9.04995	30	1	3	119.36
	Station busy
D	4-0	9.1356	37	0	4	119.36
S	4-0	9.1356	33	1	3	119.36
	service time = 0.0904133
D	0-2	9.16342	66	0	3	58.55
A	1-0	9.16342	66	1	23	119
	Station busy
S	0-2	9.16342	67	1	2	58.55
	service time = 0.148239
D	2-0	9.20328	28	0	0	145.4
A	3-0	9.20328	28	1	7	192.4
	Station busy
D	4-0	9.22601	33	0	3	112.64
S	4-0	9.22601	29	1	2	112.64
	service time = 0.29844
D	1-0	9.25144	31	0	24	119
A	2-2	9.25144	31	0	0	164
S	2-2	9.25144	31	1	0	164
	service time = 0.338577
S	1-0	9.25144	34	1	23	119
	service time = 0.0194943
D	1-0	9.27093	34	0	23	117
A	2-2	9.27093	34	1	0	158
	Station busy
S	1-0	9.27093	41	1	22	117
	service time = 0.0134155
D	1-0	9.28435	41	0	22	114
A	2-0	9.28435	41	0	0	145.4
S	2-0	9.28435	41	1	0	145.4
	service time = 0.0854568
S	1-0	9.28435	39	1	21	114
	service time = 0.112203
	batch size = 4
A	0-2	9.30949	77	1	2	52.4
	Station busy
A	0-2	9.30949	78	1	3	52.4
	Station busy
A	0-2	9.30949	79	1	4	52.4
	Station busy
A	0-2	9.30949	80	1	5	52.4
	Station busy
	interarrival time = 1.20449
D	0-2	9.31166	67	0	6	52.4
A	1-0	9.31166	67	1	21	111
	Station busy
S	0-2	9.31166	68	1	5	52.4
	service time = 0.0946888
D	2-0	9.3698	41	0	0	141.2
A	4-0	9.3698	41	1	2	108.16
	Station busy
D	3-0	9.38812	38	0	8	192.4
A	4-1	9.38812	38	0	0	146.7
S	4-1	9.38812	38	1	0	146.7
	service time = 0.0401719
S	3-0	9.38812	51	1	7	192.4
	service time = 0.0408987
D	1-0	9.39655	39	0	22	111
A	2-0	9.39655	39	0	0	141.2
S	2-0	9.39655	39	1	0	141.2
	service time = 0.293431
S	1-0	9.39655	40	1	21	111
	service time = 0.450016
D	0-2	9.40635	68	0	5	46.25
A	1-0	9.40635	68	1	21	109
	Station busy
S	0-2	9.40635	71	1	4	46.25
	service time = 0.416218
D	4-1	9.42829	38	0	0	140.55
D	3-0	9.42902	51	0	7	191.6
A	4-0	9.42902	51	1	3	108.16
	Station busy
S	3-0	9.42902	22	1	6	191.6
	service time = 0.00448812
D	3-0	9.4335	22	0	6	190.8
A	4-1	9.4335	22	0	0	140.55
S	4-1	9.4335	22	1	0	140.55
	service time = 0.0441183
S	3-0	9.4335	26	1	5	190.8
	service time = 0.068137
D	4-1	9.47762	22	0	0	134.4
D	3-0	9.50164	26	0	5	190
S	3-0	9.50164	32	1	4	190
	service time = 0.0442639
D	4-0	9.52445	29	0	4	108.16
S	4-0	9.52445	21	1	3	108.16
	service time = 0.0183011
D	4-0	9.54275	21	0	3	103.68
S	4-0	9.54275	30	1	2	103.68
	service time = 1.04564
D	3-0	9.5459	32	0	4	190
A	4-0	9.5459	32	1	2	99.2
	Station busy
S	3-0	9.5459	27	1	3	190
	service time = 0.54758
D	0-0	9.56779	57	0	8	88.68
A	1-0	9.56779	57	1	22	109
	Station busy
S	0-0	9.56779	58	1	7	88.68
	service time = 0.21766
D	2-2	9.59001	31	0	1	158
A	4-0	9.59001	31	1	3	99.2
	Station busy
S	2-2	9.59001	34	1	0	158
	service time = 0.674334
D	2-0	9.68998	39	0	0	137
A	4-1	9.68998	39	0	0	134.4
S	4-1	9.68998	39	1	0	134.4
	service time = 0.296135
D	0-0	9.78545	58	0	7	81.42
A	1-0	9.78545	58	1	23	109
	Station busy
S	0-0	9.78545	61	1	6	81.42
	service time = 0.124776
D	0-2	9.82257	71	0	4	42.56
A	1-0	9.82257	71	1	24	109
	Station busy
S	0-2	9.82257	77	1	3	42.56
	service time = 0.395935
D	1-0	9.84657	40	0	25	109
A	2-2	9.84657	40	1	0	154
	Station busy
S	1-0	9.84657	42	1	24	109
	service time = 0.0230498
D	1-0	9.86962	42	0	24	107
A	2-1	9.86962	42	0	0	98.8
S	2-1	9.86962	42	1	0	98.8
	service time = 0.474588
S	1-0	9.86962	43	1	23	107
	service time = 0.0756124
D	0-1	9.88219	76	0	0	62.72
A	1-0	9.88219	76	1	23	105
	Station busy
D	0-0	9.91022	61	0	6	75.37
A	1-0	9.91022	61	1	24	105
	Station busy
S	0-0	9.91022	64	1	5	75.37
	service time = 0.255415
D	1-0	9.94523	43	0	25	105
A	2-0	9.94523	43	0	0	137
S	2-0	9.94523	43	1	0	137
	service time = 0.134855
S	1-0	9.94523	44	1	24	105
	service time = 0.129304
D	4-1	9.98611	39	0	0	130.3
E	0-0	10	64	1	5	70.53
E	0-1	10	X	0	0	62.72
E	0-2	10	77	1	3	37.64
E	1-0	10	44	1	24	102
E	2-0	10	43	1	0	130.7
E	2-1	10	42	1	0	94.4
E	2-2	10	34	1	1	154
E	3-0	10	27	1	3	189.6
E	4-0	10	30	1	4	99.2
E	4-1	10	X	0	0	130.3
D	1-0	10.0745	44	0	24	102
A	2-0	10.0745	44	1	0	130.7
	Station busy
S	1-0	10.0745	48	1	23	102
	service time = 0.0832118
D	2-0	10.0801	43	0	1	130.7
A	3-0	10.0801	43	1	3	189.6
	Station busy
S	2-0	10.0801	44	1	0	130.7
	service time = 0.591936
D	3-0	10.0935	27	0	4	189.6
A	4-0	10.0935	27	1	4	99.2
	Station busy
S	3-0	10.0935	36	1	3	189.6
	service time = 0.0383775
D	3-0	10.1319	36	0	3	189.2
S	3-0	10.1319	35	1	2	189.2
	service time = 0.573043
D	1-0	10.1577	48	0	23	100
A	2-0	10.1577	48	1	0	126.5
	Station busy
S	1-0	10.1577	46	1	22	100
	service time = 0.173646
D	0-0	10.1656	64	0	5	70.53
A	1-0	10.1656	64	1	22	97
	Station busy
S	0-0	10.1656	69	1	4	70.53
	service time = 0.08233
D	0-2	10.2185	77	0	3	37.64
A	1-0	10.2185	77	1	23	97
	Station busy
S	0-2	10.2185	78	1	2	37.64
	service time = 0.195676
D	0-0	10.248	69	0	4	66.9
A	1-0	10.248	69	1	24	97
	Station busy
S	0-0	10.248	70	1	3	66.9
	service time = 0.0893966
D	2-2	10.2643	34	0	1	154
A	4-1	10.2643	34	0	0	130.3
S	4-1	10.2643	34	1	0	130.3
	service time = 0.0404947
S	2-2	10.2643	40	1	0	154
	service time = 0.611493
D	4-1	10.3048	34	0	0	124.15
D	1-0	10.3314	46	0	25	97
A	2-1	10.3314	46	1	0	94.4
	Station busy
S	1-0	10.3314	47	1	24	97
	service time = 0.122761
D	0-0	10.3374	70	0	3	59.64
A	1-0	10.3374	70	1	24	95
	Station busy
S	0-0	10.3374	72	1	2	59.64
	service time = 0.263799
D	2-1	10.3442	42	0	1	94.4
A	3-0	10.3442	42	1	2	189.2
	Station busy
S	2-1	10.3442	46	1	0	94.4
	service time = 1.3274
D	0-2	10.4142	78	0	2	32.72
A	1-0	10.4142	78	1	25	95
	Station busy
S	0-2	10.4142	79	1	1	32.72
	service time = 0.0198327
D	0-2	10.434	79	0	1	25.34
A	1-0	10.434	79	1	26	95
	Station busy
S	0-2	10.434	80	1	0	25.34
	service time = 0.437942
D	1-0	10.4541	47	0	27	95
A	2-0	10.4541	47	1	1	126.5
	Station busy
S	1-0	10.4541	49	1	26	95
	service time = 0.374635
	batch size = 1
A	0-1	10.514	81	0	0	62.72
S	0-1	10.514	81	1	0	62.72
	service time = 0.108478
	interarrival time = 1.18144
D	4-0	10.5884	30	0	5	99.2
S	4-0	10.5884	41	1	4	99.2
	service time = 0.134162
D	0-0	10.6012	72	0	2	56.01
A	1-0	10.6012	72	1	26	93
	Station busy
S	0-0	10.6012	74	1	1	56.01
	service time = 0.0561829
D	0-1	10.6225	81	0	0	54.8
A	1-0	10.6225	81	1	27	93
	Station busy
D	0-0	10.6573	74	0	1	48.75
A	1-0	10.6573	74	1	28	93
	Station busy
S	0-0	10.6573	75	1	0	48.75
	service time = 0.0463491
D	2-0	10.672	44	0	2	126.5
A	3-0	10.672	44	1	3	189.2
	Station busy
S	2-0	10.672	48	1	1	126.5
	service time = 0.260792
D	0-0	10.7037	75	0	0	45.12
A	1-0	10.7037	75	1	29	93
	Station busy
D	3-0	10.7049	35	0	4	189.2
A	4-0	10.7049	35	1	4	94.72
	Station busy
S	3-0	10.7049	28	1	3	189.2
	service time = 0.284083
D	4-0	10.7226	41	0	5	94.72
S	4-0	10.7226	51	1	4	94.72
	service time = 0.318617
D	1-0	10.8288	49	0	30	93
A	2-0	10.8288	49	1	1	122.3
	Station busy
S	1-0	10.8288	50	1	29	93
	service time = 0.080818
D	0-2	10.872	80	0	0	17.96
A	1-0	10.872	80	1	29	90
	Station busy
D	2-2	10.8758	40	0	0	150
A	3-0	10.8758	40	1	3	188.4
	Station busy
D	1-0	10.9096	50	0	30	90
A	2-0	10.9096	50	1	2	122.3
	Station busy
S	1-0	10.9096	45	1	29	90
	service time = 0.432417
D	2-0	10.9328	48	0	3	122.3
S	2-0	10.9328	47	1	2	122.3
	service time = 0.0728403
D	3-0	10.989	28	0	4	188.4
A	4-1	10.989	28	0	0	124.15
S	4-1	10.989	28	1	0	124.15
	service time = 0.666202
S	3-0	10.989	43	1	3	188.4
	service time = 0.00404574
D	3-0	10.993	43	0	3	188.4
A	4-1	10.993	43	1	0	120.05
	Station busy
S	3-0	10.993	42	1	2	188.4
	service time = 0.221461
E	0-0	11	X	0	0	45.12
E	0-1	11	X	0	0	54.8
E	0-2	11	X	0	0	17.96
E	1-0	11	45	1	29	87
E	2-0	11	47	1	2	118.1
E	2-1	11	46	1	0	87.8
E	2-2	11	X	0	0	150
E	3-0	11	42	1	2	188.4
E	4-0	11	51	1	4	88
E	4-1	11	28	1	1	120.05
D	2-0	11.0057	47	0	2	118.1
A	4-0	11.0057	47	1	4	88
	Station busy
S	2-0	11.0057	49	1	1	118.1
	service time = 0.223953
D	4-0	11.0412	51	0	5	88
S	4-0	11.0412	32	1	4	88
	service time = 0.0337504
D	4-0	11.0749	32	0	4	83.52
S	4-0	11.0749	31	1	3	83.52
	service time = 0.167517
D	3-0	11.2145	42	0	2	188.4
A	4-0	11.2145	42	1	3	76.8
	Station busy
S	3-0	11.2145	44	1	1	188.4
	service time = 0.248559
D	2-0	11.2296	49	0	1	113.9
A	4-1	11.2296	49	1	1	120.05
	Station busy
S	2-0	11.2296	50	1	0	113.9
	service time = 0.053532
D	4-0	11.2424	31	0	4	76.8
S	4-0	11.2424	27	1	3	76.8
	service time = 0.186372
D	2-0	11.2831	50	0	0	107.6
A	3-0	11.2831	50	1	1	187.6
	Station busy
D	1-0	11.342	45	0	29	87
A	2-2	11.342	45	0	0	150
S	2-2	11.342	45	1	0	150
	service time = 0.0462757
S	1-0	11.342	54	1	28	87
	service time = 0.129713
D	2-2	11.3883	45	0	0	146
A	3-0	11.3883	45	1	2	187.6
	Station busy
D	4-0	11.4288	27	0	3	74.56
S	4-0	11.4288	35	1	2	74.56
	service time = 0.0116347
D	4-0	11.4404	35	0	2	70.08
S	4-0	11.4404	47	1	1	70.08
	service time = 0.35422
D	3-0	11.4631	44	0	3	187.6
A	4-0	11.4631	44	1	1	65.6
	Station busy
S	3-0	11.4631	40	1	2	187.6
	service time = 0.102096
D	1-0	11.4717	54	0	28	85
A	2-1	11.4717	54	1	0	87.8
	Station busy
S	1-0	11.4717	53	1	27	85
	service time = 0.0207098
D	1-0	11.4924	53	0	27	83
A	2-1	11.4924	53	1	1	87.8
	Station busy
S	1-0	11.4924	56	1	26	83
	service time = 0.0190246
D	1-0	11.5115	56	0	26	80
A	2-1	11.5115	56	1	2	87.8
	Station busy
S	1-0	11.5115	55	1	25	80
	service time = 0.19571
D	3-0	11.5652	40	0	2	187.6
A	4-0	11.5652	40	1	2	65.6
	Station busy
S	3-0	11.5652	50	1	1	187.6
	service time = 0.937697
D	4-1	11.6552	28	0	2	120.05
S	4-1	11.6552	43	1	1	120.05
	service time = 0.111952
D	2-1	11.6716	46	0	3	87.8
A	3-0	11.6716	46	1	1	187.6
	Station busy
S	2-1	11.6716	54	1	2	87.8
	service time = 0.448131
	batch size = 6
A	0-2	11.6954	82	0	0	17.96
S	0-2	11.6954	82	1	0	17.96
	service time = 0.071801
A	0-0	11.6954	83	0	0	45.12
S	0-0	11.6954	83	1	0	45.12
	service time = 0.339495
A	0-1	11.6954	84	0	0	54.8
S	0-1	11.6954	84	1	0	54.8
	service time = 0.357004
A	0-1	11.6954	85	1	0	46.88
	Station busy
A	0-0	11.6954	86	1	0	39.07
	Station busy
A	0-1	11.6954	87	1	1	46.88
	Station busy
	interarrival time = 0.391019
D	1-0	11.7072	55	0	25	77
A	2-0	11.7072	55	0	0	107.6
S	2-0	11.7072	55	1	0	107.6
	service time = 0.400437
S	1-0	11.7072	59	1	24	77
	service time = 0.202511
D	4-1	11.7671	43	0	1	111.85
S	4-1	11.7671	49	1	0	111.85
	service time = 0.163083
D	0-2	11.7672	82	0	0	13.04
A	1-0	11.7672	82	1	24	75
	Station busy
D	4-0	11.7947	47	0	3	65.6
S	4-0	11.7947	42	1	2	65.6
	service time = 0.445669
D	1-0	11.9097	59	0	25	75
A	2-1	11.9097	59	1	2	81.2
	Station busy
S	1-0	11.9097	60	1	24	75
	service time = 0.347146
D	4-1	11.9302	49	0	0	107.75
D	0-0	12.0349	83	0	1	39.07
A	1-0	12.0349	83	1	24	72
	Station busy
S	0-0	12.0349	86	1	0	39.07
	service time = 0.0918303
D	0-1	12.0524	84	0	2	46.88
A	1-0	12.0524	84	1	25	72
	Station busy
S	0-1	12.0524	85	1	1	46.88
	service time = 0.151981
D	2-0	12.1076	55	0	0	101.3
A	3-0	12.1076	55	1	2	187.6
	Station busy
D	2-1	12.1197	54	0	3	81.2
A	3-0	12.1197	54	1	3	187.6
	Station busy
S	2-1	12.1197	53	1	2	81.2
	service time = 0.28652
D	0-0	12.1267	86	0	0	31.81
A	1-0	12.1267	86	1	26	72
	Station busy
D	0-1	12.2044	85	0	1	42.92
A	1-0	12.2044	85	1	27	72
	Station busy
S	0-1	12.2044	87	1	0	42.92
	service time = 0.115778
D	4-0	12.2403	42	0	2	58.88
S	4-0	12.2403	44	1	1	58.88
	service time = 0.0168442
D	1-0	12.2568	60	0	28	72
A	2-1	12.2568	60	1	2	76.8
	Station busy
S	1-0	12.2568	62	1	27	72
	service time = 0.20053
D	4-0	12.2572	44	0	1	52.16
S	4-0	12.2572	40	1	0	52.16
	service time = 0.23476
D	0-1	12.3202	87	0	0	36.32
A	1-0	12.3202	87	1	27	69
	Station busy
D	2-1	12.4062	53	0	3	76.8
A	4-1	12.4062	53	0	0	107.75
S	4-1	12.4062	53	1	0	107.75
	service time = 0.355229
S	2-1	12.4062	56	1	2	76.8
	service time = 0.00811863
D	2-1	12.4144	56	0	2	72.4
A	4-1	12.4144	56	1	0	103.65
	Station busy
S	2-1	12.4144	59	1	1	72.4
	service time = 0.663802
D	1-0	12.4574	62	0	28	69
A	2-1	12.4574	62	1	1	68
	Station busy
S	1-0	12.4574	63	1	27	69
	service time = 0.342991
D	4-0	12.4919	40	0	0	49.92
D	3-0	12.5028	50	0	4	187.6
A	4-0	12.5028	50	0	0	49.92
S	4-0	12.5028	50	1	0	49.92
	service time = 0.00793742
S	3-0	12.5028	45	1	3	187.6
	service time = 0.31799
D	4-0	12.5108	50	0	0	45.44
D	4-1	12.7615	53	0	1	103.65
S	4-1	12.7615	56	1	0	103.65
	service time = 0.0982462
D	1-0	12.8004	63	0	27	67
A	2-2	12.8004	63	0	0	146
S	2-2	12.8004	63	1	0	146
	service time = 0.65769
S	1-0	12.8004	65	1	26	67
	service time = 0.311726
D	3-0	12.8208	45	0	3	186.8
S	3-0	12.8208	46	1	2	186.8
	service time = 0.0511989
D	4-1	12.8597	56	0	0	101.6
D	3-0	12.872	46	0	2	186
A	4-1	12.872	46	0	0	101.6
S	4-1	12.872	46	1	0	101.6
	service time = 0.366505
S	3-0	12.872	55	1	1	186
	service time = 0.640004
D	2-1	13.0782	59	0	2	68
A	4-1	13.0782	59	1	0	97.5
	Station busy
S	2-1	13.0782	60	1	1	68
	service time = 0.340893
D	1-0	13.1121	65	0	26	64
A	2-2	13.1121	65	1	0	142
	Station busy
S	1-0	13.1121	73	1	25	64
	service time = 0.00969198
D	1-0	13.1218	73	0	25	62
A	2-2	13.1218	73	1	1	142
	Station busy
S	1-0	13.1218	66	1	24	62
	service time = 0.0314556
D	1-0	13.1532	66	0	24	60
A	2-2	13.1532	66	1	2	142
	Station busy
S	1-0	13.1532	67	1	23	60
	service time = 0.0654065
D	1-0	13.2186	67	0	23	57
A	2-0	13.2186	67	0	0	101.3
S	2-0	13.2186	67	1	0	101.3
	service time = 0.181595
S	1-0	13.2186	68	1	22	57
	service time = 0.144091
D	4-1	13.2385	46	0	1	97.5
S	4-1	13.2385	59	1	0	97.5
	service time = 0.112681
D	4-1	13.3512	59	0	0	91.35
D	1-0	13.3627	68	0	22	54
A	2-1	13.3627	68	1	1	61.4
	Station busy
S	1-0	13.3627	57	1	21	54
	service time = 0.261486
D	2-0	13.4002	67	0	0	97.1
A	4-1	13.4002	67	0	0	91.35
S	4-1	13.4002	67	1	0	91.35
	service time = 0.0274983
D	2-1	13.4191	60	0	2	61.4
A	4-0	13.4191	60	0	0	45.44
S	4-0	13.4191	60	1	0	45.44
	service time = 0.0177845
S	2-1	13.4191	62	1	1	61.4
	service time = 0.29907
D	4-1	13.4277	67	0	0	85.2
D	4-0	13.4368	60	0	0	38.72
D	2-2	13.458	63	0	3	142
A	3-0	13.458	63	1	1	185.6
	Station busy
S	2-2	13.458	65	1	2	142
	service time = 0.888357
D	3-0	13.512	55	0	2	185.6
A	4-1	13.512	55	0	0	85.2
S	4-1	13.512	55	1	0	85.2
	service time = 0.052909
S	3-0	13.512	54	1	1	185.6
	service time = 0.611316
D	4-1	13.5649	55	0	0	79.05
D	1-0	13.6242	57	0	21	52
A	2-0	13.6242	57	0	0	97.1
S	2-0	13.6242	57	1	0	97.1
	service time = 0.231349
S	1-0	13.6242	58	1	20	52
	service time = 0.230446
D	2-1	13.7181	62	0	1	57
A	3-0	13.7181	62	1	1	185.2
	Station busy
S	2-1	13.7181	68	1	0	57
	service time = 0.000175543
D	2-1	13.7183	68	0	0	52.6
A	4-0	13.7183	68	0	0	38.72
S	4-0	13.7183	68	1	0	38.72
	service time = 0.241745
D	1-0	13.8547	58	0	20	50
A	2-1	13.8547	58	0	0	52.6
S	2-1	13.8547	58	1	0	52.6
	service time = 0.822029
S	1-0	13.8547	71	1	19	50
	service time = 0.0235187
D	2-0	13.8556	57	0	0	90.8
A	3-0	13.8556	57	1	2	185.2
	Station busy
D	1-0	13.8782	71	0	19	47
A	2-2	13.8782	71	1	2	136
	Station busy
S	1-0	13.8782	76	1	18	47
	service time = 0.167175
D	4-0	13.9601	68	0	0	29.76
D	1-0	14.0454	76	0	18	44
A	2-0	14.0454	76	0	0	90.8
S	2-0	14.0454	76	1	0	90.8
	service time = 0.122898
S	1-0	14.0454	61	1	17	44
	service time = 0.400778
D	3-0	14.1234	54	0	3	185.2
S	3-0	14.1234	63	1	2	185.2
	service time = 0.413372
D	2-0	14.1683	76	0	0	84.5
A	3-0	14.1683	76	1	2	184.8
	Station busy
D	2-2	14.3464	65	0	3	136
S	2-2	14.3464	73	1	2	136
	service time = 0.0314643
D	2-2	14.3779	73	0	2	132
S	2-2	14.3779	66	1	1	132
	service time = 0.173799
D	1-0	14.4461	61	0	17	42
A	2-1	14.4461	61	1	0	46
	Station busy
S	1-0	14.4461	64	1	16	42
	service time = 0.551498
D	3-0	14.5367	63	0	3	184.8
A	4-0	14.5367	63	0	0	29.76
S	4-0	14.5367	63	1	0	29.76
	service time = 0.565677
S	3-0	14.5367	62	1	2	184.8
	service time = 0.620731
D	2-2	14.5517	66	0	1	126
A	4-1	14.5517	66	0	0	79.05
S	4-1	14.5517	66	1	0	79.05
	service time = 0.979667
S	2-2	14.5517	71	1	0	126
	service time = 0.196847
D	2-1	14.6767	58	0	1	46
A	3-0	14.6767	58	1	2	184
	Station busy
S	2-1	14.6767	61	1	0	46
	service time = 0.0310147
D	2-1	14.7077	61	0	0	39.4
A	4-0	14.7077	61	1	0	25.28
	Station busy
D	2-2	14.7485	71	0	0	122
A	4-1	14.7485	71	1	0	72.9
	Station busy
D	1-0	14.9976	64	0	16	39
A	2-0	14.9976	64	0	0	84.5
S	2-0	14.9976	64	1	0	84.5
	service time = 0.240464
S	1-0	14.9976	77	1	15	39
	service time = 0.044811
D	1-0	15.0424	77	0	15	36
A	2-2	15.0424	77	0	0	122
S	2-2	15.0424	77	1	0	122
	service time = 0.399869
S	1-0	15.0424	69	1	14	36
	service time = 0.291759
D	4-0	15.1024	63	0	1	25.28
S	4-0	15.1024	61	1	0	25.28
	service time = 0.812208
D	3-0	15.1575	62	0	3	184
A	4-0	15.1575	62	1	0	18.56
	Station busy
S	3-0	15.1575	57	1	2	184
	service time = 0.0922714
D	2-0	15.2381	64	0	0	78.2
A	4-0	15.2381	64	1	1	18.56
	Station busy
D	3-0	15.2497	57	0	2	184
A	4-1	15.2497	57	1	1	72.9
	Station busy
S	3-0	15.2497	76	1	1	184
	service time = 0.0848455
D	1-0	15.3342	69	0	14	34
A	2-2	15.3342	69	1	0	116
	Station busy
S	1-0	15.3342	70	1	13	34
	service time = 0.370571
D	3-0	15.3346	76	0	1	183.2
A	4-0	15.3346	76	1	2	18.56
	Station busy
S	3-0	15.3346	58	1	0	183.2
	service time = 0.878685
D	2-2	15.4423	77	0	1	116
A	3-0	15.4423	77	1	0	182.8
	Station busy
S	2-2	15.4423	69	1	0	116
	service time = 0.425459
D	4-1	15.5313	66	0	2	72.9
S	4-1	15.5313	71	1	1	72.9
	service time = 0.457323
D	1-0	15.7048	70	0	13	32
A	2-0	15.7048	70	0	0	78.2
S	2-0	15.7048	70	1	0	78.2
	service time = 0.196563
S	1-0	15.7048	78	1	12	32
	service time = 0.247776
D	2-2	15.8678	69	0	0	110
A	4-0	15.8678	69	1	3	18.56
	Station busy
D	2-0	15.9013	70	0	0	74
A	3-0	15.9013	70	1	1	182.8
	Station busy
D	4-0	15.9146	61	0	4	18.56
S	4-0	15.9146	62	1	3	18.56
	service time = 0.0208922
D	4-0	15.9355	62	0	3	14.08
S	4-0	15.9355	64	1	2	14.08
	service time = 0.171137
D	1-0	15.9525	78	0	12	30
A	2-0	15.9525	78	0	0	74
S	2-0	15.9525	78	1	0	74
	service time = 1.17252
S	1-0	15.9525	79	1	11	30
	service time = 0.0718417
D	4-1	15.9887	71	0	1	64.7
S	4-1	15.9887	57	1	0	64.7
	service time = 0.215014
D	1-0	16.0244	79	0	11	28
A	2-2	16.0244	79	0	0	110
S	2-2	16.0244	79	1	0	110
	service time = 0.256754
S	1-0	16.0244	72	1	10	28
	service time = 0.379148
D	4-0	16.1066	64	0	2	9.6
S	4-0	16.1066	76	1	1	9.6
	service time = 0.0193047
D	4-0	16.1259	76	0	1	0.64
	insufficient consumables level
N	4-0	16.1259	69	0	0	0.64
D	4-1	16.2037	57	0	0	58.55
D	3-0	16.2133	58	0	2	182.8
A	4-1	16.2133	58	0	0	58.55
S	4-1	16.2133	58	1	0	58.55
	service time = 0.369464
S	3-0	16.2133	77	1	1	182.8
	service time = 0.152303
D	2-2	16.2811	79	0	0	104
A	3-0	16.2811	79	1	1	181.6
	Station busy
D	3-0	16.3656	77	0	2	181.6
S	3-0	16.3656	70	1	1	181.6
	service time = 0.0523345
D	1-0	16.4035	72	0	10	25
A	2-2	16.4035	72	0	0	104
S	2-2	16.4035	72	1	0	104
	service time = 0.244468
S	1-0	16.4035	81	1	9	25
	service time = 0.328355
D	3-0	16.4179	70	0	1	181.6
S	3-0	16.4179	79	1	0	181.6
	service time = 0.231176
D	4-1	16.5827	58	0	0	52.4
D	2-2	16.648	72	0	0	100
A	3-0	16.648	72	1	0	180.4
	Station busy
D	3-0	16.6491	79	0	1	180.4
A	4-1	16.6491	79	0	0	52.4
S	4-1	16.6491	79	1	0	52.4
	service time = 0.53443
S	3-0	16.6491	72	1	0	180.4
	service time = 0.647417
D	1-0	16.7319	81	0	9	23
A	2-2	16.7319	81	0	0	100
S	2-2	16.7319	81	1	0	100
	service time = 0.974724
S	1-0	16.7319	74	1	8	23
	service time = 0.0189176
D	1-0	16.7508	74	0	8	20
A	2-0	16.7508	74	1	0	69.8
	Station busy
S	1-0	16.7508	75	1	7	20
	service time = 0.0608592
D	1-0	16.8117	75	0	7	17
A	2-1	16.8117	75	0	0	39.4
S	2-1	16.8117	75	1	0	39.4
	service time = 0.243214
S	1-0	16.8117	80	1	6	17
	service time = 0.139184
D	1-0	16.9508	80	0	6	15
A	2-0	16.9508	80	1	1	69.8
	Station busy
S	1-0	16.9508	82	1	5	15
	service time = 0.10251
D	1-0	17.0534	82	0	5	13
A	2-2	17.0534	82	1	0	96
	Station busy
S	1-0	17.0534	83	1	4	13
	service time = 0.363941
D	2-1	17.0549	75	0	0	32.8
A	3-0	17.0549	75	1	0	180.4
	Station busy
D	2-0	17.1251	78	0	2	69.8
A	3-0	17.1251	78	1	1	180.4
	Station busy
S	2-0	17.1251	74	1	1	69.8
	service time = 0.0217646
D	2-0	17.1468	74	0	1	65.6
A	3-0	17.1468	74	1	2	180.4
	Station busy
S	2-0	17.1468	80	1	0	65.6
	service time = 0.473724
D	4-1	17.1835	79	0	0	44.2
D	3-0	17.2965	72	0	3	180.4
A	4-0	17.2965	72	0	0	0.64
	insufficient consumables level
	service time = 0.0054298
S	3-0	17.2965	75	1	2	180.4
	service time = 0.164376
D	4-0	17.3019	72	0	0	0
D	1-0	17.4173	83	0	4	10
A	2-0	17.4173	83	1	0	61.4
	Station busy
S	1-0	17.4173	84	1	3	10
	service time = 0.387958
D	3-0	17.4609	75	0	2	180.4
A	4-0	17.4609	75	0	0	0
	insufficient consumables level
N	4-0	17.4609	75	0	0	0
S	3-0	17.4609	78	1	1	180.4
	service time = 0.314503
D	2-0	17.6205	80	0	1	61.4
A	4-1	17.6205	80	0	0	44.2
S	4-1	17.6205	80	1	0	44.2
	service time = 0.589344
S	2-0	17.6205	83	1	0	61.4
	service time = 0.309296
D	2-2	17.7066	81	0	1	96
A	3-0	17.7066	81	1	1	179.6
	Station busy
S	2-2	17.7066	82	1	0	96
	service time = 0.132965
D	3-0	17.7754	78	0	2	179.6
A	4-1	17.7754	78	1	0	40.1
	Station busy
S	3-0	17.7754	74	1	1	179.6
	service time = 0.104159
D	1-0	17.8053	84	0	3	8
A	2-2	17.8053	84	1	0	92
	Station busy
S	1-0	17.8053	86	1	2	8
	service time = 0.0907311
D	2-2	17.8396	82	0	1	92
A	3-0	17.8396	82	1	1	179.6
	Station busy
S	2-2	17.8396	84	1	0	92
	service time = 0.00230713
D	2-2	17.8419	84	0	0	88
A	3-0	17.8419	84	1	2	179.6
	Station busy
D	3-0	17.8795	74	0	3	179.6
A	4-1	17.8795	74	1	1	40.1
	Station busy
S	3-0	17.8795	81	1	2	179.6
	service time = 0.0914451
D	1-0	17.896	86	0	2	6
A	2-1	17.896	86	0	0	32.8
S	2-1	17.896	86	1	0	32.8
	service time = 0.830553
S	1-0	17.896	85	1	1	6
	service time = 0.171758
D	2-0	17.9298	83	0	0	57.2
A	3-0	17.9298	83	1	2	179.6
	Station busy
D	3-0	17.971	81	0	3	179.6
A	4-1	17.971	81	1	2	40.1
	Station busy
S	3-0	17.971	82	1	2	179.6
	service time = 0.0032638
D	3-0	17.9742	82	0	2	179.6
A	4-0	17.9742	82	0	0	0
	insufficient consumables level
N	4-0	17.9742	82	0	0	0
S	3-0	17.9742	84	1	1	179.6
	service time = 0.288205
D	1-0	18.0677	85	0	1	4
A	2-2	18.0677	85	0	0	88
S	2-2	18.0677	85	1	0	88
	service time = 0.10446
S	1-0	18.0677	87	1	0	4
	service time = 0.336253
D	2-2	18.1722	85	0	0	82
A	3-0	18.1722	85	1	1	179.6
	Station busy
D	4-1	18.2099	80	0	3	40.1
S	4-1	18.2099	78	1	2	40.1
	service time = 0.133836
D	3-0	18.2624	84	0	2	179.6
S	3-0	18.2624	83	1	1	179.6
	service time = 0.00700196
D	3-0	18.2694	83	0	1	178.8
A	4-0	18.2694	83	0	0	0
	insufficient consumables level
N	4-0	18.2694	83	0	0	0
S	3-0	18.2694	85	1	0	178.8
	service time = 0.581646
D	4-1	18.3437	78	0	2	33.95
S	4-1	18.3437	74	1	1	33.95
	service time = 0.00811075
D	4-1	18.3518	74	0	1	29.85
S	4-1	18.3518	81	1	0	29.85
	service time = 0.129035
D	1-0	18.404	87	0	0	1
A	2-1	18.404	87	1	0	28.4
	Station busy
D	4-1	18.4809	81	0	0	23.7
D	2-1	18.7265	86	0	1	28.4
A	3-0	18.7265	86	1	0	177.6
	Station busy
S	2-1	18.7265	87	1	0	28.4
	service time = 0.239487
D	3-0	18.8511	85	0	1	177.6
A	4-1	18.8511	85	0	0	23.7
S	4-1	18.8511	85	1	0	23.7
	service time = 0.244225
S	3-0	18.8511	86	1	0	177.6
	service time = 0.173508
D	2-1	18.966	87	0	0	24
D	3-0	19.0246	86	0	0	177.2
A	4-0	19.0246	86	0	0	0
	insufficient consumables level
N	4-0	19.0246	86	0	0	0
D	4-1	19.0953	85	0	0	15.5
